# JRE version: Java(TM) SE Runtime Environment (7.0_80-b15) (build 1.7.0_80-b15)
# Java VM: Java HotSpot(TM) 64-Bit Server VM (24.80-b11 mixed mode bsd-amd64 compressed oops)
Heap
 PSYoungGen      total 38912K, used 9575K [0x00000007d5500000, 0x00000007d8000000, 0x0000000800000000)
  eden space 33792K, 14% used [0x00000007d5500000,0x00000007d59d7938,0x00000007d7600000)
  from space 5120K, 90% used [0x00000007d7600000,0x00000007d7a82520,0x00000007d7b00000)
  to   space 5120K, 0% used [0x00000007d7b00000,0x00000007d7b00000,0x00000007d8000000)
 ParOldGen       total 87040K, used 39111K [0x0000000780000000, 0x0000000785500000, 0x00000007d5500000)
  object space 87040K, 44% used [0x0000000780000000,0x0000000782631f00,0x0000000785500000)
 PSPermGen       total 21504K, used 17874K [0x000000077ae00000, 0x000000077c300000, 0x0000000780000000)
  object space 21504K, 83% used [0x000000077ae00000,0x000000077bf74b80,0x000000077c300000)
GC Heap History (6 events):
Event: 3.286 GC heap before
{Heap before GC invocations=1 (full 0):
 PSYoungGen      total 38912K, used 33792K [0x00000007d5500000, 0x00000007d8000000, 0x0000000800000000)
  eden space 33792K, 100% used [0x00000007d5500000,0x00000007d7600000,0x00000007d7600000)
  from space 5120K, 0% used [0x00000007d7b00000,0x00000007d7b00000,0x00000007d8000000)
  to   space 5120K, 0% used [0x00000007d7600000,0x00000007d7600000,0x00000007d7b00000)
 ParOldGen       total 87040K, used 0K [0x0000000780000000, 0x0000000785500000, 0x00000007d5500000)
  object space 87040K, 0% used [0x0000000780000000,0x0000000780000000,0x0000000785500000)
 PSPermGen       total 21504K, used 15053K [0x000000077ae00000, 0x000000077c300000, 0x0000000780000000)
  object space 21504K, 70% used [0x000000077ae00000,0x000000077bcb34a0,0x000000077c300000)
Event: 3.296 GC heap after
Heap after GC invocations=1 (full 0):
 PSYoungGen      total 38912K, used 5097K [0x00000007d5500000, 0x00000007d8000000, 0x0000000800000000)
  eden space 33792K, 0% used [0x00000007d5500000,0x00000007d5500000,0x00000007d7600000)
  from space 5120K, 99% used [0x00000007d7600000,0x00000007d7afa5d8,0x00000007d7b00000)
  to   space 5120K, 0% used [0x00000007d7b00000,0x00000007d7b00000,0x00000007d8000000)
 ParOldGen       total 87040K, used 5883K [0x0000000780000000, 0x0000000785500000, 0x00000007d5500000)
  object space 87040K, 6% used [0x0000000780000000,0x00000007805befb0,0x0000000785500000)
 PSPermGen       total 21504K, used 15053K [0x000000077ae00000, 0x000000077c300000, 0x0000000780000000)
  object space 21504K, 70% used [0x000000077ae00000,0x000000077bcb34a0,0x000000077c300000)
}
Event: 62.148 GC heap before
{Heap before GC invocations=2 (full 0):
 PSYoungGen      total 38912K, used 38889K [0x00000007d5500000, 0x00000007d8000000, 0x0000000800000000)
  eden space 33792K, 100% used [0x00000007d5500000,0x00000007d7600000,0x00000007d7600000)
  from space 5120K, 99% used [0x00000007d7600000,0x00000007d7afa5d8,0x00000007d7b00000)
  to   space 5120K, 0% used [0x00000007d7b00000,0x00000007d7b00000,0x00000007d8000000)
 ParOldGen       total 87040K, used 5883K [0x0000000780000000, 0x0000000785500000, 0x00000007d5500000)
  object space 87040K, 6% used [0x0000000780000000,0x00000007805befb0,0x0000000785500000)
 PSPermGen       total 21504K, used 17809K [0x000000077ae00000, 0x000000077c300000, 0x0000000780000000)
  object space 21504K, 82% used [0x000000077ae00000,0x000000077bf64658,0x000000077c300000)
Event: 62.165 GC heap after
Heap after GC invocations=2 (full 0):
 PSYoungGen      total 38912K, used 4041K [0x00000007d5500000, 0x00000007d8000000, 0x0000000800000000)
  eden space 33792K, 0% used [0x00000007d5500000,0x00000007d5500000,0x00000007d7600000)
  from space 5120K, 78% used [0x00000007d7b00000,0x00000007d7ef2520,0x00000007d8000000)
  to   space 5120K, 0% used [0x00000007d7600000,0x00000007d7600000,0x00000007d7b00000)
 ParOldGen       total 87040K, used 20280K [0x0000000780000000, 0x0000000785500000, 0x00000007d5500000)
  object space 87040K, 23% used [0x0000000780000000,0x00000007813ce100,0x0000000785500000)
 PSPermGen       total 21504K, used 17809K [0x000000077ae00000, 0x000000077c300000, 0x0000000780000000)
  object space 21504K, 82% used [0x000000077ae00000,0x000000077bf64658,0x000000077c300000)
}
Event: 3984.866 GC heap before
{Heap before GC invocations=3 (full 0):
 PSYoungGen      total 38912K, used 35639K [0x00000007d5500000, 0x00000007d8000000, 0x0000000800000000)
  eden space 33792K, 93% used [0x00000007d5500000,0x00000007d73db9b8,0x00000007d7600000)
  from space 5120K, 78% used [0x00000007d7b00000,0x00000007d7ef2520,0x00000007d8000000)
  to   space 5120K, 0% used [0x00000007d7600000,0x00000007d7600000,0x00000007d7b00000)
 ParOldGen       total 87040K, used 20280K [0x0000000780000000, 0x0000000785500000, 0x00000007d5500000)
  object space 87040K, 23% used [0x0000000780000000,0x00000007813ce100,0x0000000785500000)
 PSPermGen       total 21504K, used 17874K [0x000000077ae00000, 0x000000077c300000, 0x0000000780000000)
  object space 21504K, 83% used [0x000000077ae00000,0x000000077bf74938,0x000000077c300000)
Event: 3984.918 GC heap after
Heap after GC invocations=3 (full 0):
 PSYoungGen      total 38912K, used 4617K [0x00000007d5500000, 0x00000007d8000000, 0x0000000800000000)
  eden space 33792K, 0% used [0x00000007d5500000,0x00000007d5500000,0x00000007d7600000)
  from space 5120K, 90% used [0x00000007d7600000,0x00000007d7a82520,0x00000007d7b00000)
  to   space 5120K, 0% used [0x00000007d7b00000,0x00000007d7b00000,0x00000007d8000000)
 ParOldGen       total 87040K, used 39111K [0x0000000780000000, 0x0000000785500000, 0x00000007d5500000)
  object space 87040K, 44% used [0x0000000780000000,0x0000000782631f00,0x0000000785500000)
 PSPermGen       total 21504K, used 17874K [0x000000077ae00000, 0x000000077c300000, 0x0000000780000000)
  object space 21504K, 83% used [0x000000077ae00000,0x000000077bf74938,0x000000077c300000)
}

